####################################################
##   _     _             _ _                      ##
##  | |   (_)           (_) |                     ##
##  | |    _  __ _ _   _ _| |__   __ _ ___  ___   ##
##  | |   | |/ _` | | | | | '_ \ / _` / __|/ _ \  ##
##  | |___| | (_| | |_| | | |_) | (_| \__ \  __/  ##
##  \_____/_|\__, |\__,_|_|_.__/ \__,_|___/\___|  ##
##              | |                               ##
##              |_|                               ##
##                                                ## 
##  Get documentation at docs.liquibase.com       ##
##  Get certified courses at learn.liquibase.com  ## 
##                                                ##
####################################################
Starting Liquibase at 15:50:30 using Java 24.0.1 (version 4.32.0 #8159 built at 2025-05-19 23:00+0000)
Liquibase Version: 4.32.0
Liquibase Open Source 4.32.0 by Liquibase
Starting Example H2 Database...
NOTE: The database does not persist data, so stopping and restarting this process will reset it back to a blank database

Connection Information:
  Dev database: 
    JDBC URL: jdbc:h2:tcp://localhost:9090/mem:dev
    Username: dbuser
    Password: letmein
  Integration database: 
    JDBC URL: jdbc:h2:tcp://localhost:9090/mem:integration
    Username: dbuser
    Password: letmein

Opening Database Console in Browser...
  Dev Web URL: http://localhost:8080/frame.jsp?jsessionid=e7e65cc6f70196e9e6b694a3ec2774a2
  Integration Web URL: http://localhost:8080/frame.jsp?jsessionid=b6d3a57c8d8d410d547a5ead2d6049e2

